ERC report (2026-04-17T21:05:44, Encoding UTF8)
Report includes: Warnings, Exclusions

***** Sheet /
[lib_symbol_mismatch]: Symbol "Conn_01x02" stimmt nicht mit Kopie in Bibliothek "Connector_Generic" überein
    ; warning
    @(17.78 mm, 22.86 mm): Symbol J2 [Conn_01x02]
[lib_symbol_mismatch]: Symbol "USB_C_Receptacle_USB2.0_14P" stimmt nicht mit Kopie in Bibliothek "Connector" überein
    ; warning
    @(24.13 mm, 77.47 mm): Symbol J1 [USB_C_Receptacle_USB2.0_14P]
[lib_symbol_mismatch]: Symbol "TP4056-42-ESOP8" stimmt nicht mit Kopie in Bibliothek "Battery_Management" überein
    ; warning
    @(67.31 mm, 59.69 mm): Symbol U1 [TP4056-42-ESOP8]
[footprint_link_issues]: Die aktuelle Konfiguration enthält die Footprint-Bibliothek 'FS8205A' nicht
    ; warning
    @(77.47 mm, 107.95 mm): Symbol Q1 [FS8205A]
[multiple_net_names]: VCC und VCC_5V sind jeweils mit dem gleichen Teil verbunden. VCC wird in der Netzliste benutzt
    ; warning
    @(165.10 mm, 40.64 mm): Symbol U4 Hidden pin 6 [VCC, Stromversorgung, Linie]
    @(156.21 mm, 22.86 mm): Label 'VCC_5V'
[lib_symbol_mismatch]: Symbol "ATMEGA328P-AU" stimmt nicht mit Kopie in Bibliothek "ATMEGA328P-AU" überein
    ; warning
    @(187.96 mm, 55.88 mm): Symbol U4 [ATMEGA328P-AU]
[footprint_link_issues]: Die aktuelle Konfiguration enthält die Footprint-Bibliothek 'DFR0299' nicht
    ; warning
    @(143.51 mm, 135.89 mm): Symbol U6 [DFR0299]
[lib_symbol_mismatch]: Symbol "DFR0299" stimmt nicht mit Kopie in Bibliothek "TEAM_Custom" überein
    ; warning
    @(143.51 mm, 135.89 mm): Symbol U6 [DFR0299]
[footprint_link_issues]: Die aktuelle Konfiguration enthält die Footprint-Bibliothek 'SparkFun-Clock' nicht
    ; warning
    @(186.69 mm, 76.20 mm): Symbol Y1 [Crystal]
[lib_symbol_mismatch]: Symbol "Conn_01x02" stimmt nicht mit Kopie in Bibliothek "Connector_Generic" überein
    ; warning
    @(125.73 mm, 180.34 mm): Symbol J5 [Conn_01x02]
[lib_symbol_mismatch]: Symbol "Conn_01x02" stimmt nicht mit Kopie in Bibliothek "Connector_Generic" überein
    ; warning
    @(134.62 mm, 180.34 mm): Symbol J4 [Conn_01x02]
[isolated_pin_label]: Label connected to only one pin
    ; warning
    @(228.60 mm, 29.21 mm): Label 'RST'
[lib_symbol_mismatch]: Symbol "Conn_01x02" stimmt nicht mit Kopie in Bibliothek "Connector_Generic" überein
    ; warning
    @(143.51 mm, 180.34 mm): Symbol J3 [Conn_01x02]
[footprint_link_issues]: Die aktuelle Konfiguration enthält die Footprint-Bibliothek 'SparkFun-Clock' nicht
    ; warning
    @(231.14 mm, 140.97 mm): Symbol Y2 [Crystal]

 ** ERC messages: 14  Errors 0  Warnings 14

 ** Ignored checks:
    - Global label only appears once in the schematic
    - Four connection points are joined together
    - SPICE model issue
    - Assigned footprint doesn't match footprint filters
